\BOOKMARK [1][-]{section.1}{Introduction}{}% 1
\BOOKMARK [1][-]{section.2}{Top-k Retrieval}{}% 2
\BOOKMARK [1][-]{section.3}{Background}{}% 3
\BOOKMARK [2][-]{subsection.3.1}{State-of-the-art Top-k Algorithms}{section.3}% 4
\BOOKMARK [2][-]{subsection.3.2}{The Threshold Algorithm}{section.3}% 5
\BOOKMARK [3][-]{subsubsection.3.2.1}{Random Access \(RA\)}{subsection.3.2}% 6
\BOOKMARK [3][-]{subsubsection.3.2.2}{No Random Access \(NRA\)}{subsection.3.2}% 7
\BOOKMARK [1][-]{section.4}{Sparta }{}% 8
\BOOKMARK [2][-]{subsection.4.1}{Sparta Data Structures}{section.4}% 9
\BOOKMARK [2][-]{subsection.4.2}{Splitting the Work}{section.4}% 10
\BOOKMARK [2][-]{subsection.4.3}{Synchronization}{section.4}% 11
\BOOKMARK [2][-]{subsection.4.4}{Analysis}{section.4}% 12
\BOOKMARK [1][-]{section.5}{Evaluation}{}% 13
\BOOKMARK [2][-]{subsection.5.1}{Experiment Setup}{section.5}% 14
\BOOKMARK [2][-]{subsection.5.2}{Implementation}{section.5}% 15
\BOOKMARK [3][-]{subsubsection.5.2.1}{pBMW}{subsection.5.2}% 16
\BOOKMARK [3][-]{subsubsection.5.2.2}{Parallel TA variants}{subsection.5.2}% 17
\BOOKMARK [2][-]{subsection.5.3}{Results}{section.5}% 18
\BOOKMARK [3][-]{subsubsection.5.3.1}{Exact Algorithms}{subsection.5.3}% 19
\BOOKMARK [3][-]{subsubsection.5.3.2}{Approximate Algorithms}{subsection.5.3}% 20
\BOOKMARK [1][-]{section.6}{Related Work}{}% 21
\BOOKMARK [1][-]{section.7}{Conclusions}{}% 22
