This is pdfTeX, Version 3.14159265-2.6-1.40.18 (TeX Live 2017) (preloaded format=pdflatex 2018.4.24)  22 JAN 2019 12:38
entering extended mode
 restricted \write18 enabled.
 %&-line parsing enabled.
**sparta.tex
(./sparta.tex
LaTeX2e <2017-04-15>
Babel <3.10> and hyphenation patterns for 84 language(s) loaded.
(./llncs.cls
Document Class: llncs 2018/03/10 v2.20 
 LaTeX document class for Lecture Notes in Computer Science
(/usr/local/texlive/2017/texmf-dist/tex/latex/base/article.cls
Document Class: article 2014/09/29 v1.4h Standard LaTeX document class
(/usr/local/texlive/2017/texmf-dist/tex/latex/base/size10.clo
File: size10.clo 2014/09/29 v1.4h Standard LaTeX file (size option)
)
\c@part=\count79
\c@section=\count80
\c@subsection=\count81
\c@subsubsection=\count82
\c@paragraph=\count83
\c@subparagraph=\count84
\c@figure=\count85
\c@table=\count86
\abovecaptionskip=\skip41
\belowcaptionskip=\skip42
\bibindent=\dimen102
)
(/usr/local/texlive/2017/texmf-dist/tex/latex/tools/multicol.sty
Package: multicol 2017/04/11 v1.8q multicolumn formatting (FMi)
\c@tracingmulticols=\count87
\mult@box=\box26
\multicol@leftmargin=\dimen103
\c@unbalance=\count88
\c@collectmore=\count89
\doublecol@number=\count90
\multicoltolerance=\count91
\multicolpretolerance=\count92
\full@width=\dimen104
\page@free=\dimen105
\premulticols=\dimen106
\postmulticols=\dimen107
\multicolsep=\skip43
\multicolbaselineskip=\skip44
\partial@page=\box27
\last@line=\box28
\maxbalancingoverflow=\dimen108
\mult@rightbox=\box29
\mult@grightbox=\box30
\mult@gfirstbox=\box31
\mult@firstbox=\box32
\@tempa=\box33
\@tempa=\box34
\@tempa=\box35
\@tempa=\box36
\@tempa=\box37
\@tempa=\box38
\@tempa=\box39
\@tempa=\box40
\@tempa=\box41
\@tempa=\box42
\@tempa=\box43
\@tempa=\box44
\@tempa=\box45
\@tempa=\box46
\@tempa=\box47
\@tempa=\box48
\@tempa=\box49
\c@columnbadness=\count93
\c@finalcolumnbadness=\count94
\last@try=\dimen109
\multicolovershoot=\dimen110
\multicolundershoot=\dimen111
\mult@nat@firstbox=\box50
\colbreak@box=\box51
\mc@col@check@num=\count95
)
(/usr/local/texlive/2017/texmf-dist/tex/latex/oberdiek/aliascnt.sty
Package: aliascnt 2016/05/16 v1.4 Alias counters (HO)

(/usr/local/texlive/2017/texmf-dist/tex/latex/carlisle/remreset.sty))
\c@chapter=\count96
LaTeX Font Info:    Redeclaring math symbol \Gamma on input line 362.
LaTeX Font Info:    Redeclaring math symbol \Delta on input line 363.
LaTeX Font Info:    Redeclaring math symbol \Theta on input line 364.
LaTeX Font Info:    Redeclaring math symbol \Lambda on input line 365.
LaTeX Font Info:    Redeclaring math symbol \Xi on input line 366.
LaTeX Font Info:    Redeclaring math symbol \Pi on input line 367.
LaTeX Font Info:    Redeclaring math symbol \Sigma on input line 368.
LaTeX Font Info:    Redeclaring math symbol \Upsilon on input line 369.
LaTeX Font Info:    Redeclaring math symbol \Phi on input line 370.
LaTeX Font Info:    Redeclaring math symbol \Psi on input line 371.
LaTeX Font Info:    Redeclaring math symbol \Omega on input line 372.
\tocchpnum=\dimen112
\tocsecnum=\dimen113
\tocsectotal=\dimen114
\tocsubsecnum=\dimen115
\tocsubsectotal=\dimen116
\tocsubsubsecnum=\dimen117
\tocsubsubsectotal=\dimen118
\tocparanum=\dimen119
\tocparatotal=\dimen120
\tocsubparanum=\dimen121
\@tempcntc=\count97
\fnindent=\dimen122
\c@@inst=\count98
\c@@auth=\count99
\c@auco=\count100
\instindent=\dimen123
\authrun=\box52
\authorrunning=\toks14
\tocauthor=\toks15
\titrun=\box53
\titlerunning=\toks16
\toctitle=\toks17
\c@theorem=\count101
\c@case=\count102
\c@conjecture=\count103
\c@corollary=\count104
\c@definition=\count105
\c@example=\count106
\c@exercise=\count107
\c@lemma=\count108
\c@note=\count109
\c@problem=\count110
\c@property=\count111
\c@proposition=\count112
\c@question=\count113
\c@solution=\count114
\c@remark=\count115
\headlineindent=\dimen124
)
(/usr/local/texlive/2017/texmf-dist/tex/latex/graphics/color.sty
Package: color 2016/07/10 v1.1e Standard LaTeX Color (DPC)

(/usr/local/texlive/2017/texmf-dist/tex/latex/graphics-cfg/color.cfg
File: color.cfg 2016/01/02 v1.6 sample color configuration
)
Package color Info: Driver file: pdftex.def on input line 147.

(/usr/local/texlive/2017/texmf-dist/tex/latex/graphics-def/pdftex.def
File: pdftex.def 2017/01/12 v0.06k Graphics/color for pdfTeX

(/usr/local/texlive/2017/texmf-dist/tex/generic/oberdiek/infwarerr.sty
Package: infwarerr 2016/05/16 v1.4 Providing info/warning/error messages (HO)
)
(/usr/local/texlive/2017/texmf-dist/tex/generic/oberdiek/ltxcmds.sty
Package: ltxcmds 2016/05/16 v1.23 LaTeX kernel commands for general use (HO)
)
\Gread@gobject=\count116
))
(/usr/local/texlive/2017/texmf-dist/tex/latex/algorithms/algorithm.sty
Package: algorithm 2009/08/24 v0.1 Document Style `algorithm' - floating enviro
nment

(/usr/local/texlive/2017/texmf-dist/tex/latex/float/float.sty
Package: float 2001/11/08 v1.3d Float enhancements (AL)
\c@float@type=\count117
\float@exts=\toks18
\float@box=\box54
\@float@everytoks=\toks19
\@floatcapt=\box55
)
(/usr/local/texlive/2017/texmf-dist/tex/latex/base/ifthen.sty
Package: ifthen 2014/09/29 v1.1c Standard LaTeX ifthen package (DPC)
)
\@float@every@algorithm=\toks20
\c@algorithm=\count118
)
(/usr/local/texlive/2017/texmf-dist/tex/latex/algorithmicx/algpseudocode.sty
Package: algpseudocode 

(/usr/local/texlive/2017/texmf-dist/tex/latex/algorithmicx/algorithmicx.sty
Package: algorithmicx 2005/04/27 v1.2 Algorithmicx

Document Style algorithmicx 1.2 - a greatly improved `algorithmic' style
\c@ALG@line=\count119
\c@ALG@rem=\count120
\c@ALG@nested=\count121
\ALG@tlm=\skip45
\ALG@thistlm=\skip46
\c@ALG@Lnr=\count122
\c@ALG@blocknr=\count123
\c@ALG@storecount=\count124
\c@ALG@tmpcounter=\count125
\ALG@tmplength=\skip47
)
Document Style - pseudocode environments for use with the `algorithmicx' style
) (/usr/local/texlive/2017/texmf-dist/tex/latex/graphics/graphicx.sty
Package: graphicx 2014/10/28 v1.0g Enhanced LaTeX Graphics (DPC,SPQR)

(/usr/local/texlive/2017/texmf-dist/tex/latex/graphics/keyval.sty
Package: keyval 2014/10/28 v1.15 key=value parser (DPC)
\KV@toks@=\toks21
)
(/usr/local/texlive/2017/texmf-dist/tex/latex/graphics/graphics.sty
Package: graphics 2017/04/14 v1.1b Standard LaTeX Graphics (DPC,SPQR)

(/usr/local/texlive/2017/texmf-dist/tex/latex/graphics/trig.sty
Package: trig 2016/01/03 v1.10 sin cos tan (DPC)
)
(/usr/local/texlive/2017/texmf-dist/tex/latex/graphics-cfg/graphics.cfg
File: graphics.cfg 2016/06/04 v1.11 sample graphics configuration
)
Package graphics Info: Driver file: pdftex.def on input line 99.
)
\Gin@req@height=\dimen125
\Gin@req@width=\dimen126
)
(/usr/local/texlive/2017/texmf-dist/tex/latex/amsfonts/amssymb.sty
Package: amssymb 2013/01/14 v3.01 AMS font symbols

(/usr/local/texlive/2017/texmf-dist/tex/latex/amsfonts/amsfonts.sty
Package: amsfonts 2013/01/14 v3.01 Basic AMSFonts support
\@emptytoks=\toks22
\symAMSa=\mathgroup4
\symAMSb=\mathgroup5
LaTeX Font Info:    Overwriting math alphabet `\mathfrak' in version `bold'
(Font)                  U/euf/m/n --> U/euf/b/n on input line 106.
))
(/usr/local/texlive/2017/texmf-dist/tex/latex/url/url.sty
\Urlmuskip=\muskip10
Package: url 2013/09/16  ver 3.4  Verb mode for urls, etc.
)
(/usr/local/texlive/2017/texmf-dist/tex/latex/booktabs/booktabs.sty
Package: booktabs 2016/04/27 v1.618033 publication quality tables
\heavyrulewidth=\dimen127
\lightrulewidth=\dimen128
\cmidrulewidth=\dimen129
\belowrulesep=\dimen130
\belowbottomsep=\dimen131
\aboverulesep=\dimen132
\abovetopsep=\dimen133
\cmidrulesep=\dimen134
\cmidrulekern=\dimen135
\defaultaddspace=\dimen136
\@cmidla=\count126
\@cmidlb=\count127
\@aboverulesep=\dimen137
\@belowrulesep=\dimen138
\@thisruleclass=\count128
\@lastruleclass=\count129
\@thisrulewidth=\dimen139
)
(/usr/local/texlive/2017/texmf-dist/tex/latex/psnfss/times.sty
Package: times 2005/04/12 PSNFSS-v9.2a (SPQR) 
) (./macros.tex)
(./sparta.aux)
\openout1 = `sparta.aux'.

LaTeX Font Info:    Checking defaults for OML/cmm/m/it on input line 28.
LaTeX Font Info:    ... okay on input line 28.
LaTeX Font Info:    Checking defaults for T1/cmr/m/n on input line 28.
LaTeX Font Info:    ... okay on input line 28.
LaTeX Font Info:    Checking defaults for OT1/cmr/m/n on input line 28.
LaTeX Font Info:    ... okay on input line 28.
LaTeX Font Info:    Checking defaults for OMS/cmsy/m/n on input line 28.
LaTeX Font Info:    ... okay on input line 28.
LaTeX Font Info:    Checking defaults for OMX/cmex/m/n on input line 28.
LaTeX Font Info:    ... okay on input line 28.
LaTeX Font Info:    Checking defaults for U/cmr/m/n on input line 28.
LaTeX Font Info:    ... okay on input line 28.
LaTeX Font Info:    Try loading font information for OT1+ptm on input line 28.
 (/usr/local/texlive/2017/texmf-dist/tex/latex/psnfss/ot1ptm.fd
File: ot1ptm.fd 2001/06/04 font definitions for OT1/ptm.
)
(/usr/local/texlive/2017/texmf-dist/tex/context/base/mkii/supp-pdf.mkii
[Loading MPS to PDF converter (version 2006.09.02).]
\scratchcounter=\count130
\scratchdimen=\dimen140
\scratchbox=\box56
\nofMPsegments=\count131
\nofMParguments=\count132
\everyMPshowfont=\toks23
\MPscratchCnt=\count133
\MPscratchDim=\dimen141
\MPnumerator=\count134
\makeMPintoPDFobject=\count135
\everyMPtoPDFconversion=\toks24
) (/usr/local/texlive/2017/texmf-dist/tex/generic/oberdiek/pdftexcmds.sty
Package: pdftexcmds 2017/03/19 v0.25 Utility functions of pdfTeX for LuaTeX (HO
)

(/usr/local/texlive/2017/texmf-dist/tex/generic/oberdiek/ifluatex.sty
Package: ifluatex 2016/05/16 v1.4 Provides the ifluatex switch (HO)
Package ifluatex Info: LuaTeX not detected.
)
(/usr/local/texlive/2017/texmf-dist/tex/generic/oberdiek/ifpdf.sty
Package: ifpdf 2017/03/15 v3.2 Provides the ifpdf switch
)
Package pdftexcmds Info: LuaTeX not detected.
Package pdftexcmds Info: \pdf@primitive is available.
Package pdftexcmds Info: \pdf@ifprimitive is available.
Package pdftexcmds Info: \pdfdraftmode found.
)
(/usr/local/texlive/2017/texmf-dist/tex/latex/oberdiek/epstopdf-base.sty
Package: epstopdf-base 2016/05/15 v2.6 Base part for package epstopdf

(/usr/local/texlive/2017/texmf-dist/tex/latex/oberdiek/grfext.sty
Package: grfext 2016/05/16 v1.2 Manage graphics extensions (HO)

(/usr/local/texlive/2017/texmf-dist/tex/generic/oberdiek/kvdefinekeys.sty
Package: kvdefinekeys 2016/05/16 v1.4 Define keys (HO)
))
(/usr/local/texlive/2017/texmf-dist/tex/latex/oberdiek/kvoptions.sty
Package: kvoptions 2016/05/16 v3.12 Key value format for package options (HO)

(/usr/local/texlive/2017/texmf-dist/tex/generic/oberdiek/kvsetkeys.sty
Package: kvsetkeys 2016/05/16 v1.17 Key value parser (HO)

(/usr/local/texlive/2017/texmf-dist/tex/generic/oberdiek/etexcmds.sty
Package: etexcmds 2016/05/16 v1.6 Avoid name clashes with e-TeX commands (HO)
Package etexcmds Info: Could not find \expanded.
(etexcmds)             That can mean that you are not using pdfTeX 1.50 or
(etexcmds)             that some package has redefined \expanded.
(etexcmds)             In the latter case, load this package earlier.
)))
Package epstopdf-base Info: Redefining graphics rule for `.eps' on input line 4
38.
Package grfext Info: Graphics extension search list:
(grfext)             [.png,.pdf,.jpg,.mps,.jpeg,.jbig2,.jb2,.PNG,.PDF,.JPG,.JPE
G,.JBIG2,.JB2,.eps]
(grfext)             \AppendGraphicsExtensions on input line 456.

(/usr/local/texlive/2017/texmf-dist/tex/latex/latexconfig/epstopdf-sys.cfg
File: epstopdf-sys.cfg 2010/07/13 v1.3 Configuration of (r)epstopdf for TeX Liv
e
))
LaTeX Font Info:    Font shape `OT1/ptm/bx/n' in size <14.4> not available
(Font)              Font shape `OT1/ptm/b/n' tried instead on input line 47.
LaTeX Font Info:    Try loading font information for U+msa on input line 47.

(/usr/local/texlive/2017/texmf-dist/tex/latex/amsfonts/umsa.fd
File: umsa.fd 2013/01/14 v3.01 AMS symbols A
)
LaTeX Font Info:    Try loading font information for U+msb on input line 47.

(/usr/local/texlive/2017/texmf-dist/tex/latex/amsfonts/umsb.fd
File: umsb.fd 2013/01/14 v3.01 AMS symbols B
)
LaTeX Font Info:    Font shape `OT1/ptm/bx/n' in size <9> not available
(Font)              Font shape `OT1/ptm/b/n' tried instead on input line 52.
 (./intro.tex
LaTeX Font Info:    Font shape `OT1/ptm/bx/n' in size <12> not available
(Font)              Font shape `OT1/ptm/b/n' tried instead on input line 1.
LaTeX Font Info:    Font shape `OT1/ptm/bx/n' in size <10> not available
(Font)              Font shape `OT1/ptm/b/n' tried instead on input line 7.


LaTeX Warning: Citation `Spink:2001:SWP:362968.362979' on page 1 undefined on i
nput line 7.


LaTeX Warning: Citation `sigir/Guy16' on page 1 undefined on input line 9.


LaTeX Warning: Citation `Arapakis:2014:IRL:2600428.2609627' on page 1 undefined
 on input line 11.


LaTeX Warning: Citation `Wang:2011' on page 1 undefined on input line 15.


LaTeX Warning: Citation `Baeza-Yates:1999:MIR:553876' on page 1 undefined on in
put line 17.

[1

{/usr/local/texlive/2017/texmf-var/fonts/map/pdftex/updmap/pdftex.map}]

LaTeX Warning: Citation `Crane:2017' on page 2 undefined on input line 33.


LaTeX Warning: Citation ` Lin:2015' on page 2 undefined on input line 33.


LaTeX Warning: Citation ` Wang:2011' on page 2 undefined on input line 33.


LaTeX Warning: Citation `Ding:2011' on page 2 undefined on input line 43.


LaTeX Warning: Citation `Bortnikov:2017' on page 2 undefined on input line 48.


LaTeX Warning: Citation `rojas2013efficient' on page 2 undefined on input line 
50.


LaTeX Warning: Citation `Fagin:2003' on page 2 undefined on input line 64.


LaTeX Warning: Citation `Fagin:2003' on page 2 undefined on input line 67.


LaTeX Warning: Citation `ClueWeb09' on page 2 undefined on input line 95.


LaTeX Warning: Citation `sigir/Guy16' on page 2 undefined on input line 106.

) (./Background.tex [2]

LaTeX Warning: Citation `Wang:2011' on page 3 undefined on input line 9.


LaTeX Warning: Citation `Fagin:2003' on page 3 undefined on input line 53.


LaTeX Warning: Citation `Strohman:2005' on page 3 undefined on input line 63.


LaTeX Warning: Citation `Turtle:1995' on page 3 undefined on input line 63.


LaTeX Warning: Citation `Broder:2003' on page 3 undefined on input line 63.


LaTeX Warning: Citation `Ding:2011' on page 3 undefined on input line 63.


LaTeX Warning: Citation `Lin:2015' on page 3 undefined on input line 76.


LaTeX Warning: Citation `Crane:2017' on page 3 undefined on input line 78.

[3]

LaTeX Warning: Citation `Fagin:2003' on page 4 undefined on input line 83.

<figures/postingsLists.pdf, id=24, 1409.265pt x 299.1175pt>
File: figures/postingsLists.pdf Graphic file (type pdf)

<use figures/postingsLists.pdf>
Package pdftex.def Info: figures/postingsLists.pdf used on input line 120.
(pdftex.def)             Requested size: 347.12354pt x 73.67465pt.
 [4 <./figures/postingsLists.pdf>])
(./algorithm.tex [5]
Overfull \hbox (75.79176pt too wide) in paragraph at lines 25--49
[][] 
 []

<figures/localData.pdf, id=43, 1593.955pt x 867.24pt>
File: figures/localData.pdf Graphic file (type pdf)

<use figures/localData.pdf>
Package pdftex.def Info: figures/localData.pdf used on input line 56.
(pdftex.def)             Requested size: 329.7663pt x 179.41301pt.
 [6]

LaTeX Warning: Citation `Mamoulis:2007' on page 7 undefined on input line 135.

(./pseudo-parallel.tex
Underfull \hbox (badness 10000) in paragraph at lines 39--40
[] \OT1/ptm/b/n/9 for all $\OML/cmm/m/it/9 D \OMS/cmsy/m/n/9 2$ \OT1/ptm/m/it/9
 docMap \OT1/ptm/m/n/9 s.t.
 []

) [7 <./figures/localData.pdf>]

LaTeX Warning: Citation `Gursky:2008' on page 8 undefined on input line 157.


LaTeX Warning: Citation `java-hashmap' on page 8 undefined on input line 190.

[8]

LaTeX Warning: Citation `Fagin:2003' on page 9 undefined on input line 235.


LaTeX Warning: Citation `Fagin:2003' on page 9 undefined on input line 237.

) (./evaluation.tex

LaTeX Warning: Citation `rojas2013efficient' on page 9 undefined on input line 
6.


LaTeX Warning: Citation `parallel-jass' on page 9 undefined on input line 8.


LaTeX Warning: Citation `Lin:2015' on page 9 undefined on input line 8.

[9]

LaTeX Warning: Citation `Lin:2017' on page 10 undefined on input line 25.


Overfull \hbox (0.5834pt too wide) in paragraph at lines 28--32
[]\OT1/ptm/m/n/10 We fo-cus on disk-resident search in-dexes. We also ex-per-i-
mented with RAM-resident
 []


LaTeX Warning: Citation `java-bytebuffer' on page 10 undefined on input line 59
.


LaTeX Warning: Citation `ClueWeb09' on page 10 undefined on input line 68.


LaTeX Warning: Citation `lucene' on page 10 undefined on input line 86.


LaTeX Warning: Citation `Baeza-Yates:1999:MIR:553876' on page 10 undefined on i
nput line 89.


LaTeX Warning: Citation `aol' on page 10 undefined on input line 91.

[10]

LaTeX Warning: Citation `Wang:2011' on page 11 undefined on input line 97.


LaTeX Warning: Citation `Crane:2017' on page 11 undefined on input line 97.


LaTeX Warning: Citation `Bortnikov:2017' on page 11 undefined on input line 117
.


LaTeX Warning: Citation `rojas2013distributing' on page 11 undefined on input l
ine 125.


LaTeX Warning: Citation `Ding:2011' on page 11 undefined on input line 126.


LaTeX Warning: Citation `rojas2013distributing' on page 11 undefined on input l
ine 136.


LaTeX Warning: Citation `Ding:2011' on page 11 undefined on input line 146.


LaTeX Warning: Citation `Broder:2003' on page 11 undefined on input line 150.


LaTeX Warning: Citation `parallel-jass' on page 11 undefined on input line 154.


[11]

LaTeX Warning: Citation `Crane:2017' on page 12 undefined on input line 254.

[12]
Overfull \hbox (8.57071pt too wide) in paragraph at lines 273--288
 [][] 
 []


LaTeX Warning: Reference `fig:terms-scaling-high-avg' on page 13 undefined on i
nput line 297.


LaTeX Warning: Reference `fig:terms-scaling-high-95' on page 13 undefined on in
put line 297.


LaTeX Warning: Reference `fig:terms-scaling-low-avg' on page 13 undefined on in
put line 299.


LaTeX Warning: Reference `fig:terms-scaling-low-95' on page 13 undefined on inp
ut line 299.

<figures/latency_12threads_clueweb.pdf, id=80, 710.20833pt x 491.82527pt>
File: figures/latency_12threads_clueweb.pdf Graphic file (type pdf)

<use figures/latency_12threads_clueweb.pdf>
Package pdftex.def Info: figures/latency_12threads_clueweb.pdf used on input li
ne 322.
(pdftex.def)             Requested size: 114.55139pt x 79.32404pt.

<figures/latency_95th_percentile_clueweb.pdf, id=81, 710.20833pt x 492.32556pt>
File: figures/latency_95th_percentile_clueweb.pdf Graphic file (type pdf)
<use figures/latency_95th_percentile_clueweb.pdf>
Package pdftex.def Info: figures/latency_95th_percentile_clueweb.pdf used on in
put line 326.
(pdftex.def)             Requested size: 114.55139pt x 79.40472pt.

<figures/latency_12threads_cluewebX10.pdf, id=82, 710.25537pt x 491.82527pt>
File: figures/latency_12threads_cluewebX10.pdf Graphic file (type pdf)

<use figures/latency_12threads_cluewebX10.pdf>
Package pdftex.def Info: figures/latency_12threads_cluewebX10.pdf used on input
 line 332.
(pdftex.def)             Requested size: 114.55139pt x 79.31653pt.
 [13 <./figures/latency_12threads_clueweb.pdf> <./figures/latency_95th_percenti
le_clueweb.pdf

pdfTeX warning: /usr/local/texlive/2017/bin/x86_64-darwin/pdflatex (file ./figu
res/latency_95th_percentile_clueweb.pdf): PDF inclusion: multiple pdfs with pag
e group included in a single page
> <./figures/latency_12threads_cluewebX10.pdf

pdfTeX warning: /usr/local/texlive/2017/bin/x86_64-darwin/pdflatex (file ./figu
res/latency_12threads_cluewebX10.pdf): PDF inclusion: multiple pdfs with page g
roup included in a single page
>]
<figures/cumulative_12threads_clueweb.pdf, id=219, 710.15814pt x 491.82527pt>
File: figures/cumulative_12threads_clueweb.pdf Graphic file (type pdf)

<use figures/cumulative_12threads_clueweb.pdf>
Package pdftex.def Info: figures/cumulative_12threads_clueweb.pdf used on input
 line 404.
(pdftex.def)             Requested size: 138.84729pt x 96.15694pt.
 [14 <./figures/cumulative_12threads_clueweb.pdf>]
<figures/latency_12terms_clueweb.pdf, id=268, 710.20833pt x 492.32556pt>
File: figures/latency_12terms_clueweb.pdf Graphic file (type pdf)

<use figures/latency_12terms_clueweb.pdf>
Package pdftex.def Info: figures/latency_12terms_clueweb.pdf used on input line
 467.
(pdftex.def)             Requested size: 138.84729pt x 96.24724pt.


LaTeX Warning: Citation `sigir/Guy16' on page 15 undefined on input line 487.


LaTeX Warning: Citation `sigir/Guy16' on page 15 undefined on input line 489.

) (./related.tex

LaTeX Warning: Citation `Huston:2010' on page 15 undefined on input line 4.

[15 <./figures/latency_12terms_clueweb.pdf>]

LaTeX Warning: Citation `Crane:2017' on page 16 undefined on input line 7.


Overfull \hbox (1.19272pt too wide) in paragraph at lines 7--9
[]\OT1/ptm/m/n/10 Crane et al. [\OT1/ptm/b/n/10 ?\OT1/ptm/m/n/10 ] showed that 
document-order al-go-rithms are sus-cep-ti-ble to tail queries
 []


LaTeX Warning: Citation `parallel-jass' on page 16 undefined on input line 11.


LaTeX Warning: Citation `Lin:2015' on page 16 undefined on input line 11.


LaTeX Warning: Citation `Tatikonda:2011' on page 16 undefined on input line 18.



LaTeX Warning: Citation `Liu:2018:GUC:3178487.3178512' on page 16 undefined on 
input line 18.


Overfull \hbox (1.63354pt too wide) in paragraph at lines 18--20
[]\OT1/ptm/m/n/10 Some pre-vi-ous works, e.g., [\OT1/ptm/b/n/10 ?\OT1/ptm/m/n/1
0 ,\OT1/ptm/b/n/10 ?\OT1/ptm/m/n/10 ], stud-ied par-al-lel com-pu-ta-tion of co
n-junc-tive queries
 []


LaTeX Warning: Citation `Bonacic:2010' on page 16 undefined on input line 21.


LaTeX Warning: Citation `rojas2013efficient' on page 16 undefined on input line
 21.


LaTeX Warning: Citation `rojas2013efficient' on page 16 undefined on input line
 24.


Overfull \hbox (3.97284pt too wide) in paragraph at lines 21--26
[]\OT1/ptm/m/n/10 Other works [\OT1/ptm/b/n/10 ?\OT1/ptm/m/n/10 ,\OT1/ptm/b/n/1
0 ?\OT1/ptm/m/n/10 ] have par-al-lelized state-of-the-art se-quen-tial al-go-ri
thms like WAND
 []


LaTeX Warning: Citation `Jeon:2014' on page 16 undefined on input line 27.


LaTeX Warning: Citation `Ao:2011' on page 16 undefined on input line 32.


LaTeX Warning: Citation `Liu:2018:GUC:3178487.3178512' on page 16 undefined on 
input line 32.


LaTeX Warning: Citation `Liu:2018:GUC:3178487.3178512' on page 16 undefined on 
input line 32.


LaTeX Warning: Citation `Ao:2011' on page 16 undefined on input line 33.


LaTeX Warning: Citation `Fagin:2003' on page 16 undefined on input line 36.


LaTeX Warning: Citation `Akbarinia:2007' on page 16 undefined on input line 36.



LaTeX Warning: Citation `ilyas2008survey' on page 16 undefined on input line 36
.


LaTeX Warning: Citation `Mamoulis:2007' on page 16 undefined on input line 37.


LaTeX Warning: Citation `Gursky:2008' on page 16 undefined on input line 38.

[16]

LaTeX Warning: Citation `yuan:2012' on page 17 undefined on input line 41.


LaTeX Warning: Citation `Theobald:2004' on page 17 undefined on input line 45.


LaTeX Warning: Citation `Bast:2006' on page 17 undefined on input line 45.


LaTeX Warning: Citation `Theobald:2008' on page 17 undefined on input line 45.


LaTeX Warning: Citation `Bast:2006' on page 17 undefined on input line 45.


LaTeX Warning: Citation `Theobald:2008' on page 17 undefined on input line 45.


LaTeX Warning: Citation `Theobald:2004' on page 17 undefined on input line 45.

) (./conclusions.tex) (./sparta.bbl) [17] [18] (./sparta.aux)

LaTeX Warning: There were undefined references.

 )
(\end occurred inside a group at level 2)

### simple group (level 2) entered at line 253 ({)
### simple group (level 1) entered at line 20 ({)
### bottom level 
Here is how much of TeX's memory you used:
 3262 strings out of 492995
 45550 string characters out of 6132704
 142739 words of memory out of 5000000
 6710 multiletter control sequences out of 15000+600000
 25945 words of font info for 56 fonts, out of 8000000 for 9000
 1141 hyphenation exceptions out of 8191
 39i,15n,26p,850b,357s stack positions out of 5000i,500n,10000p,200000b,80000s
{/usr/local/texlive/2017/texmf-dist/fonts/enc/dvips/base/8r.enc
}</usr/local/texlive/2017/texmf-dist/fonts/type1/public/amsfonts/cm/cmex10.pfb>
</usr/local/texlive/2017/texmf-dist/fonts/type1/public/amsfonts/cmextra/cmex9.p
fb></usr/local/texlive/2017/texmf-dist/fonts/type1/public/amsfonts/cm/cmmi10.pf
b></usr/local/texlive/2017/texmf-dist/fonts/type1/public/amsfonts/cm/cmmi6.pfb>
</usr/local/texlive/2017/texmf-dist/fonts/type1/public/amsfonts/cm/cmmi7.pfb></
usr/local/texlive/2017/texmf-dist/fonts/type1/public/amsfonts/cm/cmmi9.pfb></us
r/local/texlive/2017/texmf-dist/fonts/type1/public/amsfonts/cm/cmr10.pfb></usr/
local/texlive/2017/texmf-dist/fonts/type1/public/amsfonts/cm/cmr6.pfb></usr/loc
al/texlive/2017/texmf-dist/fonts/type1/public/amsfonts/cm/cmr7.pfb></usr/local/
texlive/2017/texmf-dist/fonts/type1/public/amsfonts/cm/cmr9.pfb></usr/local/tex
live/2017/texmf-dist/fonts/type1/public/amsfonts/cm/cmsy10.pfb></usr/local/texl
ive/2017/texmf-dist/fonts/type1/public/amsfonts/cm/cmsy9.pfb></usr/local/texliv
e/2017/texmf-dist/fonts/type1/public/amsfonts/symbols/msam10.pfb></usr/local/te
xlive/2017/texmf-dist/fonts/type1/urw/times/utmb8a.pfb></usr/local/texlive/2017
/texmf-dist/fonts/type1/urw/times/utmr8a.pfb></usr/local/texlive/2017/texmf-dis
t/fonts/type1/urw/times/utmri8a.pfb>
Output written on sparta.pdf (18 pages, 341951 bytes).
PDF statistics:
 378 PDF objects out of 1000 (max. 8388607)
 136 compressed objects within 2 object streams
 0 named destinations out of 1000 (max. 500000)
 36 words of extra memory for PDF output out of 10000 (max. 10000000)

